POST /api/v1/farmermarket/auth/login  252.481 Mon, 07 Dec 2020 17:11:27 GMT
GET /api/v1/farmermarket/auth/me  24.313 Mon, 07 Dec 2020 17:11:28 GMT
GET /api/v1/farmermarket/farmers/orders  33.697 Mon, 07 Dec 2020 17:11:28 GMT
GET /api/v1/farmermarket/farmers/products  25.593 Mon, 07 Dec 2020 17:11:28 GMT
GET /api/v1/farmermarket/auth/me  169.598 Mon, 07 Dec 2020 22:01:16 GMT
GET /api/v1/farmermarket/farmers/orders  132.682 Mon, 07 Dec 2020 22:01:16 GMT
GET /api/v1/farmermarket/farmers/products  93.907 Mon, 07 Dec 2020 22:01:16 GMT
GET /api/v1/farmermarket/farmers/orders  46.182 Mon, 07 Dec 2020 22:01:21 GMT
GET /api/v1/farmermarket/farmers/products  25.807 Mon, 07 Dec 2020 22:01:21 GMT
GET /api/v1/farmermarket/auth/me  22.055 Mon, 07 Dec 2020 22:01:48 GMT
GET /api/v1/farmermarket/farmers/orders  24.573 Mon, 07 Dec 2020 22:01:48 GMT
GET /api/v1/farmermarket/farmers/products  23.762 Mon, 07 Dec 2020 22:01:49 GMT
POST /api/v1/farmermarket/auth/login  180.435 Mon, 07 Dec 2020 22:01:58 GMT
GET /api/v1/farmermarket/auth/me  39.459 Mon, 07 Dec 2020 22:01:58 GMT
GET /api/v1/farmermarket/farmers/orders  32.224 Mon, 07 Dec 2020 22:01:58 GMT
GET /api/v1/farmermarket/farmers/products  25.605 Mon, 07 Dec 2020 22:01:58 GMT
GET /api/v1/farmermarket/farmers/orders  26.230 Mon, 07 Dec 2020 22:02:02 GMT
GET /api/v1/farmermarket/farmers/products  23.084 Mon, 07 Dec 2020 22:02:02 GMT
GET /api/v1/farmermarket/farmers/orders  232.993 Mon, 24 May 2021 22:04:36 GMT
GET /api/v1/farmermarket/farmers/products  291.832 Mon, 24 May 2021 22:04:37 GMT
GET /api/v1/farmermarket/farmers/orders  95.803 Mon, 24 May 2021 22:05:46 GMT
GET /api/v1/farmermarket/farmers/products  180.784 Mon, 24 May 2021 22:05:47 GMT
GET /api/v1/farmermarket/farmers/orders  84.429 Mon, 24 May 2021 22:06:38 GMT
GET /api/v1/farmermarket/farmers/products  162.900 Mon, 24 May 2021 22:06:38 GMT
GET /api/v1/farmermarket/farmers/orders  205.448 Mon, 24 May 2021 22:15:08 GMT
GET /api/v1/farmermarket/farmers/products  140.845 Mon, 24 May 2021 22:15:08 GMT
GET /api/v1/farmermarket/farmers/orders  46.774 Mon, 24 May 2021 22:15:54 GMT
GET /api/v1/farmermarket/farmers/products  110.832 Mon, 24 May 2021 22:15:54 GMT
GET /api/v1/farmermarket/farmers/orders  71.223 Mon, 24 May 2021 22:17:32 GMT
GET /api/v1/farmermarket/farmers/products  132.118 Mon, 24 May 2021 22:17:32 GMT
POST /api/v1/farmermarket/farmers/products  959.451 Mon, 24 May 2021 22:21:12 GMT
POST /api/v1/farmermarket/farmers/products  282.219 Mon, 24 May 2021 22:22:58 GMT
POST /api/v1/farmermarket/farmers/products  920.672 Mon, 24 May 2021 22:28:23 GMT
GET /api/v1/farmermarket/farmers/orders  42.950 Mon, 24 May 2021 22:28:58 GMT
GET /api/v1/farmermarket/farmers/products  297.027 Mon, 24 May 2021 22:28:58 GMT
GET /api/v1/farmermarket/farmers/orders  32.080 Mon, 24 May 2021 22:30:11 GMT
GET /api/v1/farmermarket/farmers/products  65.087 Mon, 24 May 2021 22:30:11 GMT
POST /api/v1/farmermarket/farmers/products  930.234 Mon, 24 May 2021 22:31:40 GMT
POST /api/v1/farmermarket/farmers/products  587.479 Mon, 24 May 2021 22:32:13 GMT
POST /api/v1/farmermarket/farmers/products  689.350 Mon, 24 May 2021 22:32:50 GMT
POST /api/v1/farmermarket/farmers/products  123.008 Mon, 24 May 2021 22:33:25 GMT
POST /api/v1/farmermarket/farmers/products  905.259 Mon, 24 May 2021 22:33:55 GMT
POST /api/v1/farmermarket/farmers/products  500.305 Mon, 24 May 2021 22:34:27 GMT
POST /api/v1/farmermarket/farmers/products  650.374 Mon, 24 May 2021 22:35:02 GMT
GET /api/v1/farmermarket/farmers/orders  32.713 Mon, 24 May 2021 22:35:13 GMT
GET /api/v1/farmermarket/farmers/products  1711.596 Mon, 24 May 2021 22:35:15 GMT
POST /api/v1/farmermarket/farmers/products  254.898 Mon, 24 May 2021 22:37:36 GMT
GET /api/v1/farmermarket/farmers/orders  194.941 Mon, 24 May 2021 22:46:37 GMT
GET /api/v1/farmermarket/farmers/products  2359.628 Mon, 24 May 2021 22:46:39 GMT
GET /api/v1/farmermarket/farmers/orders  219.879 Mon, 24 May 2021 22:55:18 GMT
GET /api/v1/farmermarket/farmers/products  2116.717 Mon, 24 May 2021 22:55:20 GMT
