::1 - - [16/Jul/2020:19:42:30 +0000] "GET /api/v1/farmermarket/auth/me HTTP/1.1" 304 - "http://localhost:4200/" "Mozilla/5.0 (X11; Linux x86_64) AppleWebKit/537.36 (KHTML, like Gecko) Chrome/84.0.4147.89 Safari/537.36"
::1 - - [16/Jul/2020:19:42:30 +0000] "GET /api/v1/farmermarket/farmers/products HTTP/1.1" 304 - "http://localhost:4200/" "Mozilla/5.0 (X11; Linux x86_64) AppleWebKit/537.36 (KHTML, like Gecko) Chrome/84.0.4147.89 Safari/537.36"
::1 - - [16/Jul/2020:19:44:09 +0000] "GET /api/v1/farmermarket/auth/me HTTP/1.1" 304 - "http://localhost:4200/" "Mozilla/5.0 (X11; Linux x86_64) AppleWebKit/537.36 (KHTML, like Gecko) Chrome/84.0.4147.89 Safari/537.36"
::1 - - [16/Jul/2020:19:44:09 +0000] "GET /api/v1/farmermarket/farmers/products HTTP/1.1" 304 - "http://localhost:4200/" "Mozilla/5.0 (X11; Linux x86_64) AppleWebKit/537.36 (KHTML, like Gecko) Chrome/84.0.4147.89 Safari/537.36"
::1 - - [16/Jul/2020:23:19:01 +0000] "GET /api/v1/farmermarket/auth/me HTTP/1.1" 304 - "http://localhost:4200/" "Mozilla/5.0 (X11; Linux x86_64) AppleWebKit/537.36 (KHTML, like Gecko) Chrome/84.0.4147.89 Safari/537.36"
::1 - - [16/Jul/2020:23:19:01 +0000] "GET /api/v1/farmermarket/farmers/products HTTP/1.1" 304 - "http://localhost:4200/" "Mozilla/5.0 (X11; Linux x86_64) AppleWebKit/537.36 (KHTML, like Gecko) Chrome/84.0.4147.89 Safari/537.36"
::1 - - [17/Jul/2020:00:10:58 +0000] "GET /api/v1/farmermarket/auth/me HTTP/1.1" 400 62 "http://localhost:4200/" "Mozilla/5.0 (X11; Linux x86_64) AppleWebKit/537.36 (KHTML, like Gecko) Chrome/84.0.4147.89 Safari/537.36"
::1 - - [17/Jul/2020:00:10:58 +0000] "GET /api/v1/farmermarket/farmers/products HTTP/1.1" 400 62 "http://localhost:4200/" "Mozilla/5.0 (X11; Linux x86_64) AppleWebKit/537.36 (KHTML, like Gecko) Chrome/84.0.4147.89 Safari/537.36"
::1 - - [17/Jul/2020:00:11:36 +0000] "GET /api/v1/farmermarket/auth/me HTTP/1.1" 400 62 "http://localhost:4200/" "Mozilla/5.0 (X11; Linux x86_64) AppleWebKit/537.36 (KHTML, like Gecko) Chrome/84.0.4147.89 Safari/537.36"
::1 - - [17/Jul/2020:00:11:36 +0000] "GET /api/v1/farmermarket/farmers/products HTTP/1.1" 400 62 "http://localhost:4200/" "Mozilla/5.0 (X11; Linux x86_64) AppleWebKit/537.36 (KHTML, like Gecko) Chrome/84.0.4147.89 Safari/537.36"
::1 - - [17/Jul/2020:00:11:51 +0000] "GET /api/v1/farmermarket/auth/me HTTP/1.1" 400 62 "http://localhost:4200/" "Mozilla/5.0 (X11; Linux x86_64) AppleWebKit/537.36 (KHTML, like Gecko) Chrome/84.0.4147.89 Safari/537.36"
::1 - - [17/Jul/2020:00:11:51 +0000] "GET /api/v1/farmermarket/farmers/products HTTP/1.1" 400 62 "http://localhost:4200/" "Mozilla/5.0 (X11; Linux x86_64) AppleWebKit/537.36 (KHTML, like Gecko) Chrome/84.0.4147.89 Safari/537.36"
::1 - - [17/Jul/2020:00:46:01 +0000] "POST /api/v1/farmermarket/auth/login HTTP/1.1" 201 232 "http://localhost:4200/login?returnUrl=%2F" "Mozilla/5.0 (X11; Linux x86_64) AppleWebKit/537.36 (KHTML, like Gecko) Chrome/84.0.4147.89 Safari/537.36"
::1 - - [17/Jul/2020:00:46:05 +0000] "POST /api/v1/farmermarket/auth/login HTTP/1.1" 201 232 "http://localhost:4200/login?returnUrl=%2F" "Mozilla/5.0 (X11; Linux x86_64) AppleWebKit/537.36 (KHTML, like Gecko) Chrome/84.0.4147.89 Safari/537.36"
::1 - - [17/Jul/2020:00:46:45 +0000] "POST /api/v1/farmermarket/auth/login HTTP/1.1" 201 247 "http://localhost:4200/login?returnUrl=%2F" "Mozilla/5.0 (X11; Linux x86_64) AppleWebKit/537.36 (KHTML, like Gecko) Chrome/84.0.4147.89 Safari/537.36"
::1 - - [17/Jul/2020:00:46:48 +0000] "POST /api/v1/farmermarket/auth/login HTTP/1.1" 201 247 "http://localhost:4200/login?returnUrl=%2F" "Mozilla/5.0 (X11; Linux x86_64) AppleWebKit/537.36 (KHTML, like Gecko) Chrome/84.0.4147.89 Safari/537.36"
::1 - - [17/Jul/2020:00:47:09 +0000] "POST /api/v1/farmermarket/auth/login HTTP/1.1" 201 247 "http://localhost:4200/login?returnUrl=%2F" "Mozilla/5.0 (X11; Linux x86_64) AppleWebKit/537.36 (KHTML, like Gecko) Chrome/84.0.4147.89 Safari/537.36"
::1 - - [17/Jul/2020:00:48:15 +0000] "POST /api/v1/farmermarket/auth/login HTTP/1.1" 201 247 "http://localhost:4200/login?returnUrl=%2F" "Mozilla/5.0 (X11; Linux x86_64) AppleWebKit/537.36 (KHTML, like Gecko) Chrome/84.0.4147.89 Safari/537.36"
::1 - - [17/Jul/2020:00:49:48 +0000] "POST /api/v1/farmermarket/auth/login HTTP/1.1" 201 247 "http://localhost:4200/login?returnUrl=%2F" "Mozilla/5.0 (X11; Linux x86_64) AppleWebKit/537.36 (KHTML, like Gecko) Chrome/84.0.4147.89 Safari/537.36"
::1 - - [17/Jul/2020:00:49:51 +0000] "POST /api/v1/farmermarket/auth/login HTTP/1.1" 201 247 "http://localhost:4200/login?returnUrl=%2F" "Mozilla/5.0 (X11; Linux x86_64) AppleWebKit/537.36 (KHTML, like Gecko) Chrome/84.0.4147.89 Safari/537.36"
::1 - - [17/Jul/2020:00:50:20 +0000] "POST /api/v1/farmermarket/auth/login HTTP/1.1" 201 247 "http://localhost:4200/login?returnUrl=%2F" "Mozilla/5.0 (X11; Linux x86_64) AppleWebKit/537.36 (KHTML, like Gecko) Chrome/84.0.4147.89 Safari/537.36"
::1 - - [17/Jul/2020:00:50:20 +0000] "GET /api/v1/farmermarket/auth/me HTTP/1.1" 200 289 "http://localhost:4200/super" "Mozilla/5.0 (X11; Linux x86_64) AppleWebKit/537.36 (KHTML, like Gecko) Chrome/84.0.4147.89 Safari/537.36"
::1 - - [17/Jul/2020:00:51:12 +0000] "GET /api/v1/farmermarket/auth/me HTTP/1.1" 304 - "http://localhost:4200/super" "Mozilla/5.0 (X11; Linux x86_64) AppleWebKit/537.36 (KHTML, like Gecko) Chrome/84.0.4147.89 Safari/537.36"
::1 - - [17/Jul/2020:00:52:02 +0000] "GET /api/v1/farmermarket/auth/me HTTP/1.1" 304 - "http://localhost:4200/super" "Mozilla/5.0 (X11; Linux x86_64) AppleWebKit/537.36 (KHTML, like Gecko) Chrome/84.0.4147.89 Safari/537.36"
::1 - - [17/Jul/2020:00:52:18 +0000] "GET /api/v1/farmermarket/auth/me HTTP/1.1" 304 - "http://localhost:4200/super" "Mozilla/5.0 (X11; Linux x86_64) AppleWebKit/537.36 (KHTML, like Gecko) Chrome/84.0.4147.89 Safari/537.36"
::1 - - [17/Jul/2020:00:52:29 +0000] "GET /api/v1/farmermarket/auth/me HTTP/1.1" 304 - "http://localhost:4200/super" "Mozilla/5.0 (X11; Linux x86_64) AppleWebKit/537.36 (KHTML, like Gecko) Chrome/84.0.4147.89 Safari/537.36"
::1 - - [17/Jul/2020:00:53:28 +0000] "GET /api/v1/farmermarket/auth/me HTTP/1.1" 304 - "http://localhost:4200/super" "Mozilla/5.0 (X11; Linux x86_64) AppleWebKit/537.36 (KHTML, like Gecko) Chrome/84.0.4147.89 Safari/537.36"
::1 - - [17/Jul/2020:00:53:49 +0000] "GET /api/v1/farmermarket/auth/me HTTP/1.1" 304 - "http://localhost:4200/super" "Mozilla/5.0 (X11; Linux x86_64) AppleWebKit/537.36 (KHTML, like Gecko) Chrome/84.0.4147.89 Safari/537.36"
::1 - - [17/Jul/2020:00:54:14 +0000] "GET /api/v1/farmermarket/auth/me HTTP/1.1" 304 - "http://localhost:4200/super" "Mozilla/5.0 (X11; Linux x86_64) AppleWebKit/537.36 (KHTML, like Gecko) Chrome/84.0.4147.89 Safari/537.36"
::1 - - [17/Jul/2020:00:54:58 +0000] "GET /api/v1/farmermarket/auth/me HTTP/1.1" 200 286 "http://localhost:4200/super" "Mozilla/5.0 (X11; Linux x86_64) AppleWebKit/537.36 (KHTML, like Gecko) Chrome/84.0.4147.89 Safari/537.36"
::1 - - [17/Jul/2020:00:57:04 +0000] "GET /api/v1/farmermarket/auth/me HTTP/1.1" 304 - "http://localhost:4200/super" "Mozilla/5.0 (X11; Linux x86_64) AppleWebKit/537.36 (KHTML, like Gecko) Chrome/84.0.4147.89 Safari/537.36"
::1 - - [17/Jul/2020:00:59:20 +0000] "GET /api/v1/farmermarket/auth/me HTTP/1.1" 304 - "http://localhost:4200/super" "Mozilla/5.0 (X11; Linux x86_64) AppleWebKit/537.36 (KHTML, like Gecko) Chrome/84.0.4147.89 Safari/537.36"
::1 - - [17/Jul/2020:00:59:33 +0000] "GET /api/v1/farmermarket/auth/me HTTP/1.1" 304 - "http://localhost:4200/super" "Mozilla/5.0 (X11; Linux x86_64) AppleWebKit/537.36 (KHTML, like Gecko) Chrome/84.0.4147.89 Safari/537.36"
::1 - - [17/Jul/2020:01:04:59 +0000] "GET /api/v1/farmermarket/auth/me HTTP/1.1" 304 - "http://localhost:4200/super" "Mozilla/5.0 (X11; Linux x86_64) AppleWebKit/537.36 (KHTML, like Gecko) Chrome/84.0.4147.89 Safari/537.36"
::1 - - [17/Jul/2020:01:05:03 +0000] "GET /api/v1/farmermarket/auth/me HTTP/1.1" 304 - "http://localhost:4200/super" "Mozilla/5.0 (X11; Linux x86_64) AppleWebKit/537.36 (KHTML, like Gecko) Chrome/84.0.4147.89 Safari/537.36"
::1 - - [17/Jul/2020:01:05:30 +0000] "GET /api/v1/farmermarket/auth/me HTTP/1.1" 304 - "http://localhost:4200/super" "Mozilla/5.0 (X11; Linux x86_64) AppleWebKit/537.36 (KHTML, like Gecko) Chrome/84.0.4147.89 Safari/537.36"
::1 - - [17/Jul/2020:02:29:07 +0000] "GET /api/v1/farmermarket/auth/me HTTP/1.1" 304 - "http://localhost:4200/super" "Mozilla/5.0 (X11; Linux x86_64) AppleWebKit/537.36 (KHTML, like Gecko) Chrome/84.0.4147.89 Safari/537.36"
::1 - - [17/Jul/2020:02:29:26 +0000] "GET /api/v1/farmermarket/auth/me HTTP/1.1" 304 - "http://localhost:4200/super" "Mozilla/5.0 (X11; Linux x86_64) AppleWebKit/537.36 (KHTML, like Gecko) Chrome/84.0.4147.89 Safari/537.36"
::1 - - [17/Jul/2020:02:31:01 +0000] "GET /api/v1/farmermarket/auth/me HTTP/1.1" 304 - "http://localhost:4200/super" "Mozilla/5.0 (X11; Linux x86_64) AppleWebKit/537.36 (KHTML, like Gecko) Chrome/84.0.4147.89 Safari/537.36"
::1 - - [17/Jul/2020:02:32:58 +0000] "GET /api/v1/farmermarket/auth/me HTTP/1.1" 304 - "http://localhost:4200/super" "Mozilla/5.0 (X11; Linux x86_64) AppleWebKit/537.36 (KHTML, like Gecko) Chrome/84.0.4147.89 Safari/537.36"
::1 - - [17/Jul/2020:02:33:45 +0000] "GET /api/v1/farmermarket/auth/me HTTP/1.1" 304 - "http://localhost:4200/super" "Mozilla/5.0 (X11; Linux x86_64) AppleWebKit/537.36 (KHTML, like Gecko) Chrome/84.0.4147.89 Safari/537.36"
::1 - - [17/Jul/2020:02:42:48 +0000] "GET /api/v1/farmermarket/auth/me HTTP/1.1" 304 - "http://localhost:4200/super" "Mozilla/5.0 (X11; Linux x86_64) AppleWebKit/537.36 (KHTML, like Gecko) Chrome/84.0.4147.89 Safari/537.36"
::1 - - [17/Jul/2020:02:43:24 +0000] "GET /api/v1/farmermarket/auth/me HTTP/1.1" 304 - "http://localhost:4200/super" "Mozilla/5.0 (X11; Linux x86_64) AppleWebKit/537.36 (KHTML, like Gecko) Chrome/84.0.4147.89 Safari/537.36"
::1 - - [17/Jul/2020:02:47:36 +0000] "GET /api/v1/farmermarket/auth/me HTTP/1.1" 304 - "http://localhost:4200/super" "Mozilla/5.0 (X11; Linux x86_64) AppleWebKit/537.36 (KHTML, like Gecko) Chrome/84.0.4147.89 Safari/537.36"
::1 - - [17/Jul/2020:02:47:39 +0000] "GET /api/v1/farmermarket/auth/me HTTP/1.1" 304 - "http://localhost:4200/super" "Mozilla/5.0 (X11; Linux x86_64) AppleWebKit/537.36 (KHTML, like Gecko) Chrome/84.0.4147.89 Safari/537.36"
::1 - - [17/Jul/2020:02:52:22 +0000] "GET /api/v1/farmermarket/auth/me HTTP/1.1" 304 - "http://localhost:4200/super" "Mozilla/5.0 (X11; Linux x86_64) AppleWebKit/537.36 (KHTML, like Gecko) Chrome/84.0.4147.89 Safari/537.36"
::1 - - [17/Jul/2020:02:52:39 +0000] "GET /api/v1/farmermarket/auth/me HTTP/1.1" 304 - "http://localhost:4200/super" "Mozilla/5.0 (X11; Linux x86_64) AppleWebKit/537.36 (KHTML, like Gecko) Chrome/84.0.4147.89 Safari/537.36"
::1 - - [17/Jul/2020:02:53:02 +0000] "GET /api/v1/farmermarket/auth/me HTTP/1.1" 304 - "http://localhost:4200/super" "Mozilla/5.0 (X11; Linux x86_64) AppleWebKit/537.36 (KHTML, like Gecko) Chrome/84.0.4147.89 Safari/537.36"
::1 - - [17/Jul/2020:02:56:14 +0000] "GET /api/v1/farmermarket/auth/me HTTP/1.1" 304 - "http://localhost:4200/super" "Mozilla/5.0 (X11; Linux x86_64) AppleWebKit/537.36 (KHTML, like Gecko) Chrome/84.0.4147.89 Safari/537.36"
::1 - - [17/Jul/2020:02:56:50 +0000] "GET /api/v1/farmermarket/auth/me HTTP/1.1" 304 - "http://localhost:4200/super" "Mozilla/5.0 (X11; Linux x86_64) AppleWebKit/537.36 (KHTML, like Gecko) Chrome/84.0.4147.89 Safari/537.36"
::1 - - [17/Jul/2020:02:57:25 +0000] "GET /api/v1/farmermarket/auth/me HTTP/1.1" 304 - "http://localhost:4200/super" "Mozilla/5.0 (X11; Linux x86_64) AppleWebKit/537.36 (KHTML, like Gecko) Chrome/84.0.4147.89 Safari/537.36"
::1 - - [17/Jul/2020:02:57:37 +0000] "GET /api/v1/farmermarket/auth/me HTTP/1.1" 304 - "http://localhost:4200/super" "Mozilla/5.0 (X11; Linux x86_64) AppleWebKit/537.36 (KHTML, like Gecko) Chrome/84.0.4147.89 Safari/537.36"
::1 - - [17/Jul/2020:02:59:38 +0000] "GET /api/v1/farmermarket/auth/me HTTP/1.1" 304 - "http://localhost:4200/super" "Mozilla/5.0 (X11; Linux x86_64) AppleWebKit/537.36 (KHTML, like Gecko) Chrome/84.0.4147.89 Safari/537.36"
::1 - - [17/Jul/2020:03:00:40 +0000] "GET /api/v1/farmermarket/auth/me HTTP/1.1" 304 - "http://localhost:4200/super" "Mozilla/5.0 (X11; Linux x86_64) AppleWebKit/537.36 (KHTML, like Gecko) Chrome/84.0.4147.89 Safari/537.36"
::1 - - [17/Jul/2020:03:01:13 +0000] "GET /api/v1/farmermarket/auth/me HTTP/1.1" 304 - "http://localhost:4200/super" "Mozilla/5.0 (X11; Linux x86_64) AppleWebKit/537.36 (KHTML, like Gecko) Chrome/84.0.4147.89 Safari/537.36"
::1 - - [17/Jul/2020:03:03:31 +0000] "GET /api/v1/farmermarket/auth/me HTTP/1.1" 304 - "http://localhost:4200/super" "Mozilla/5.0 (X11; Linux x86_64) AppleWebKit/537.36 (KHTML, like Gecko) Chrome/84.0.4147.89 Safari/537.36"
::1 - - [17/Jul/2020:03:04:48 +0000] "GET /api/v1/farmermarket/auth/me HTTP/1.1" 304 - "http://localhost:4200/super" "Mozilla/5.0 (X11; Linux x86_64) AppleWebKit/537.36 (KHTML, like Gecko) Chrome/84.0.4147.89 Safari/537.36"
::1 - - [17/Jul/2020:03:06:21 +0000] "GET /api/v1/farmermarket/auth/me HTTP/1.1" 304 - "http://localhost:4200/super" "Mozilla/5.0 (X11; Linux x86_64) AppleWebKit/537.36 (KHTML, like Gecko) Chrome/84.0.4147.89 Safari/537.36"
::1 - - [17/Jul/2020:03:06:40 +0000] "GET /api/v1/farmermarket/auth/me HTTP/1.1" 304 - "http://localhost:4200/super" "Mozilla/5.0 (X11; Linux x86_64) AppleWebKit/537.36 (KHTML, like Gecko) Chrome/84.0.4147.89 Safari/537.36"
::1 - - [17/Jul/2020:03:07:23 +0000] "GET /api/v1/farmermarket/auth/me HTTP/1.1" 304 - "http://localhost:4200/super" "Mozilla/5.0 (X11; Linux x86_64) AppleWebKit/537.36 (KHTML, like Gecko) Chrome/84.0.4147.89 Safari/537.36"
::1 - - [17/Jul/2020:03:08:00 +0000] "GET /api/v1/farmermarket/auth/me HTTP/1.1" 304 - "http://localhost:4200/super" "Mozilla/5.0 (X11; Linux x86_64) AppleWebKit/537.36 (KHTML, like Gecko) Chrome/84.0.4147.89 Safari/537.36"
::1 - - [17/Jul/2020:03:19:13 +0000] "GET /api/v1/farmermarket/auth/me HTTP/1.1" 304 - "http://localhost:4200/super" "Mozilla/5.0 (X11; Linux x86_64) AppleWebKit/537.36 (KHTML, like Gecko) Chrome/84.0.4147.89 Safari/537.36"
::1 - - [17/Jul/2020:03:20:11 +0000] "GET /api/v1/farmermarket/auth/me HTTP/1.1" 304 - "http://localhost:4200/super" "Mozilla/5.0 (X11; Linux x86_64) AppleWebKit/537.36 (KHTML, like Gecko) Chrome/84.0.4147.89 Safari/537.36"
::1 - - [17/Jul/2020:03:21:45 +0000] "GET /api/v1/farmermarket/auth/me HTTP/1.1" 304 - "http://localhost:4200/super" "Mozilla/5.0 (X11; Linux x86_64) AppleWebKit/537.36 (KHTML, like Gecko) Chrome/84.0.4147.89 Safari/537.36"
::1 - - [17/Jul/2020:03:22:03 +0000] "GET /api/v1/farmermarket/auth/me HTTP/1.1" 304 - "http://localhost:4200/super" "Mozilla/5.0 (X11; Linux x86_64) AppleWebKit/537.36 (KHTML, like Gecko) Chrome/84.0.4147.89 Safari/537.36"
::1 - - [17/Jul/2020:03:36:40 +0000] "GET /api/v1/farmermarket/auth/me HTTP/1.1" 304 - "http://localhost:4200/super" "Mozilla/5.0 (X11; Linux x86_64) AppleWebKit/537.36 (KHTML, like Gecko) Chrome/84.0.4147.89 Safari/537.36"
::1 - - [17/Jul/2020:03:36:41 +0000] "GET /api/v1/farmermarket/super/users HTTP/1.1" 200 1130 "http://localhost:4200/super" "Mozilla/5.0 (X11; Linux x86_64) AppleWebKit/537.36 (KHTML, like Gecko) Chrome/84.0.4147.89 Safari/537.36"
::1 - - [17/Jul/2020:03:36:48 +0000] "GET /api/v1/farmermarket/auth/me HTTP/1.1" 304 - "http://localhost:4200/super" "Mozilla/5.0 (X11; Linux x86_64) AppleWebKit/537.36 (KHTML, like Gecko) Chrome/84.0.4147.89 Safari/537.36"
::1 - - [17/Jul/2020:03:36:48 +0000] "GET /api/v1/farmermarket/super/users HTTP/1.1" 304 - "http://localhost:4200/super" "Mozilla/5.0 (X11; Linux x86_64) AppleWebKit/537.36 (KHTML, like Gecko) Chrome/84.0.4147.89 Safari/537.36"
::1 - - [17/Jul/2020:03:46:38 +0000] "GET /api/v1/farmermarket/auth/me HTTP/1.1" 200 300 "http://localhost:4200/super" "Mozilla/5.0 (X11; Linux x86_64) AppleWebKit/537.36 (KHTML, like Gecko) Chrome/84.0.4147.89 Safari/537.36"
::1 - - [17/Jul/2020:03:46:38 +0000] "GET /api/v1/farmermarket/super/users HTTP/1.1" 200 1186 "http://localhost:4200/super" "Mozilla/5.0 (X11; Linux x86_64) AppleWebKit/537.36 (KHTML, like Gecko) Chrome/84.0.4147.89 Safari/537.36"
::1 - - [17/Jul/2020:03:48:08 +0000] "GET /api/v1/farmermarket/auth/me HTTP/1.1" 304 - "http://localhost:4200/super" "Mozilla/5.0 (X11; Linux x86_64) AppleWebKit/537.36 (KHTML, like Gecko) Chrome/84.0.4147.89 Safari/537.36"
::1 - - [17/Jul/2020:03:48:08 +0000] "GET /api/v1/farmermarket/super/users HTTP/1.1" 304 - "http://localhost:4200/super" "Mozilla/5.0 (X11; Linux x86_64) AppleWebKit/537.36 (KHTML, like Gecko) Chrome/84.0.4147.89 Safari/537.36"
::1 - - [17/Jul/2020:03:50:48 +0000] "GET /api/v1/farmermarket/auth/me HTTP/1.1" 304 - "http://localhost:4200/super" "Mozilla/5.0 (X11; Linux x86_64) AppleWebKit/537.36 (KHTML, like Gecko) Chrome/84.0.4147.89 Safari/537.36"
::1 - - [17/Jul/2020:03:50:49 +0000] "GET /api/v1/farmermarket/super/users HTTP/1.1" 304 - "http://localhost:4200/super" "Mozilla/5.0 (X11; Linux x86_64) AppleWebKit/537.36 (KHTML, like Gecko) Chrome/84.0.4147.89 Safari/537.36"
::1 - - [17/Jul/2020:03:52:42 +0000] "GET /api/v1/farmermarket/auth/me HTTP/1.1" 304 - "http://localhost:4200/super" "Mozilla/5.0 (X11; Linux x86_64) AppleWebKit/537.36 (KHTML, like Gecko) Chrome/84.0.4147.89 Safari/537.36"
::1 - - [17/Jul/2020:03:52:42 +0000] "GET /api/v1/farmermarket/super/users HTTP/1.1" 304 - "http://localhost:4200/super" "Mozilla/5.0 (X11; Linux x86_64) AppleWebKit/537.36 (KHTML, like Gecko) Chrome/84.0.4147.89 Safari/537.36"
::1 - - [17/Jul/2020:03:53:18 +0000] "GET /api/v1/farmermarket/auth/me HTTP/1.1" 304 - "http://localhost:4200/super" "Mozilla/5.0 (X11; Linux x86_64) AppleWebKit/537.36 (KHTML, like Gecko) Chrome/84.0.4147.89 Safari/537.36"
::1 - - [17/Jul/2020:03:53:18 +0000] "GET /api/v1/farmermarket/super/users HTTP/1.1" 304 - "http://localhost:4200/super" "Mozilla/5.0 (X11; Linux x86_64) AppleWebKit/537.36 (KHTML, like Gecko) Chrome/84.0.4147.89 Safari/537.36"
::1 - - [17/Jul/2020:03:56:06 +0000] "GET /api/v1/farmermarket/auth/me HTTP/1.1" 304 - "http://localhost:4200/super" "Mozilla/5.0 (X11; Linux x86_64) AppleWebKit/537.36 (KHTML, like Gecko) Chrome/84.0.4147.89 Safari/537.36"
::1 - - [17/Jul/2020:03:56:06 +0000] "GET /api/v1/farmermarket/super/users HTTP/1.1" 304 - "http://localhost:4200/super" "Mozilla/5.0 (X11; Linux x86_64) AppleWebKit/537.36 (KHTML, like Gecko) Chrome/84.0.4147.89 Safari/537.36"
::1 - - [17/Jul/2020:03:57:56 +0000] "GET /api/v1/farmermarket/auth/me HTTP/1.1" 304 - "http://localhost:4200/super" "Mozilla/5.0 (X11; Linux x86_64) AppleWebKit/537.36 (KHTML, like Gecko) Chrome/84.0.4147.89 Safari/537.36"
::1 - - [17/Jul/2020:03:57:56 +0000] "GET /api/v1/farmermarket/super/users HTTP/1.1" 304 - "http://localhost:4200/super" "Mozilla/5.0 (X11; Linux x86_64) AppleWebKit/537.36 (KHTML, like Gecko) Chrome/84.0.4147.89 Safari/537.36"
::1 - - [17/Jul/2020:03:58:41 +0000] "GET /api/v1/farmermarket/auth/me HTTP/1.1" 304 - "http://localhost:4200/super" "Mozilla/5.0 (X11; Linux x86_64) AppleWebKit/537.36 (KHTML, like Gecko) Chrome/84.0.4147.89 Safari/537.36"
::1 - - [17/Jul/2020:03:58:41 +0000] "GET /api/v1/farmermarket/super/users HTTP/1.1" 304 - "http://localhost:4200/super" "Mozilla/5.0 (X11; Linux x86_64) AppleWebKit/537.36 (KHTML, like Gecko) Chrome/84.0.4147.89 Safari/537.36"
::1 - - [17/Jul/2020:03:59:01 +0000] "GET /api/v1/farmermarket/auth/me HTTP/1.1" 304 - "http://localhost:4200/super" "Mozilla/5.0 (X11; Linux x86_64) AppleWebKit/537.36 (KHTML, like Gecko) Chrome/84.0.4147.89 Safari/537.36"
::1 - - [17/Jul/2020:03:59:01 +0000] "GET /api/v1/farmermarket/super/users HTTP/1.1" 304 - "http://localhost:4200/super" "Mozilla/5.0 (X11; Linux x86_64) AppleWebKit/537.36 (KHTML, like Gecko) Chrome/84.0.4147.89 Safari/537.36"
::1 - - [17/Jul/2020:04:02:25 +0000] "GET /api/v1/farmermarket/auth/me HTTP/1.1" 304 - "http://localhost:4200/super" "Mozilla/5.0 (X11; Linux x86_64) AppleWebKit/537.36 (KHTML, like Gecko) Chrome/84.0.4147.89 Safari/537.36"
::1 - - [17/Jul/2020:04:02:25 +0000] "GET /api/v1/farmermarket/super/users HTTP/1.1" 304 - "http://localhost:4200/super" "Mozilla/5.0 (X11; Linux x86_64) AppleWebKit/537.36 (KHTML, like Gecko) Chrome/84.0.4147.89 Safari/537.36"
::1 - - [17/Jul/2020:04:02:43 +0000] "GET /api/v1/farmermarket/auth/me HTTP/1.1" 304 - "http://localhost:4200/super" "Mozilla/5.0 (X11; Linux x86_64) AppleWebKit/537.36 (KHTML, like Gecko) Chrome/84.0.4147.89 Safari/537.36"
::1 - - [17/Jul/2020:04:02:43 +0000] "GET /api/v1/farmermarket/super/users HTTP/1.1" 304 - "http://localhost:4200/super" "Mozilla/5.0 (X11; Linux x86_64) AppleWebKit/537.36 (KHTML, like Gecko) Chrome/84.0.4147.89 Safari/537.36"
::1 - - [17/Jul/2020:04:03:12 +0000] "GET /api/v1/farmermarket/auth/me HTTP/1.1" 304 - "http://localhost:4200/super" "Mozilla/5.0 (X11; Linux x86_64) AppleWebKit/537.36 (KHTML, like Gecko) Chrome/84.0.4147.89 Safari/537.36"
::1 - - [17/Jul/2020:04:03:12 +0000] "GET /api/v1/farmermarket/super/users HTTP/1.1" 304 - "http://localhost:4200/super" "Mozilla/5.0 (X11; Linux x86_64) AppleWebKit/537.36 (KHTML, like Gecko) Chrome/84.0.4147.89 Safari/537.36"
::1 - - [17/Jul/2020:04:20:44 +0000] "GET /api/v1/farmermarket/auth/me HTTP/1.1" 304 - "http://localhost:4200/super" "Mozilla/5.0 (X11; Linux x86_64) AppleWebKit/537.36 (KHTML, like Gecko) Chrome/84.0.4147.89 Safari/537.36"
::1 - - [17/Jul/2020:04:20:44 +0000] "GET /api/v1/farmermarket/super/users HTTP/1.1" 304 - "http://localhost:4200/super" "Mozilla/5.0 (X11; Linux x86_64) AppleWebKit/537.36 (KHTML, like Gecko) Chrome/84.0.4147.89 Safari/537.36"
::1 - - [17/Jul/2020:04:22:55 +0000] "GET /api/v1/farmermarket/auth/me HTTP/1.1" 304 - "http://localhost:4200/super" "Mozilla/5.0 (X11; Linux x86_64) AppleWebKit/537.36 (KHTML, like Gecko) Chrome/84.0.4147.89 Safari/537.36"
::1 - - [17/Jul/2020:04:22:55 +0000] "GET /api/v1/farmermarket/super/users HTTP/1.1" 304 - "http://localhost:4200/super" "Mozilla/5.0 (X11; Linux x86_64) AppleWebKit/537.36 (KHTML, like Gecko) Chrome/84.0.4147.89 Safari/537.36"
::1 - - [17/Jul/2020:04:23:22 +0000] "GET /api/v1/farmermarket/auth/me HTTP/1.1" 304 - "http://localhost:4200/super" "Mozilla/5.0 (X11; Linux x86_64) AppleWebKit/537.36 (KHTML, like Gecko) Chrome/84.0.4147.89 Safari/537.36"
::1 - - [17/Jul/2020:04:23:22 +0000] "GET /api/v1/farmermarket/super/users HTTP/1.1" 304 - "http://localhost:4200/super" "Mozilla/5.0 (X11; Linux x86_64) AppleWebKit/537.36 (KHTML, like Gecko) Chrome/84.0.4147.89 Safari/537.36"
