GET /api/v1/farmermarket/super/logs  234.809 Thu, 30 Jul 2020 01:42:50 GMT
GET /api/v1/farmermarket/auth/me  365.879 Thu, 30 Jul 2020 01:42:50 GMT
GET /api/v1/farmermarket/super/users  360.451 Thu, 30 Jul 2020 01:42:50 GMT
GET /api/v1/farmermarket/auth/me  80.049 Thu, 30 Jul 2020 01:43:11 GMT
GET /api/v1/farmermarket/super/users  87.321 Thu, 30 Jul 2020 01:43:11 GMT
GET /api/v1/farmermarket/super/logs  43.318 Thu, 30 Jul 2020 01:43:11 GMT
GET /api/v1/farmermarket/super/logs  223.692 Thu, 30 Jul 2020 02:07:06 GMT
GET /api/v1/farmermarket/auth/me  407.129 Thu, 30 Jul 2020 02:07:06 GMT
GET /api/v1/farmermarket/super/users  374.960 Thu, 30 Jul 2020 02:07:06 GMT
GET /api/v1/farmermarket/auth/me  89.133 Thu, 30 Jul 2020 02:09:53 GMT
GET /api/v1/farmermarket/super/users  107.519 Thu, 30 Jul 2020 02:09:53 GMT
GET /api/v1/farmermarket/super/logs  47.980 Thu, 30 Jul 2020 02:09:53 GMT
GET /api/v1/farmermarket/auth/me  77.551 Thu, 30 Jul 2020 02:10:49 GMT
GET /api/v1/farmermarket/super/users  92.091 Thu, 30 Jul 2020 02:10:50 GMT
GET /api/v1/farmermarket/super/logs  49.736 Thu, 30 Jul 2020 02:10:50 GMT
GET /api/v1/farmermarket/auth/me  80.324 Thu, 30 Jul 2020 02:11:56 GMT
GET /api/v1/farmermarket/super/users  86.705 Thu, 30 Jul 2020 02:11:56 GMT
GET /api/v1/farmermarket/super/logs  41.492 Thu, 30 Jul 2020 02:11:56 GMT
GET /api/v1/farmermarket/auth/me  80.408 Thu, 30 Jul 2020 02:12:09 GMT
GET /api/v1/farmermarket/super/users  85.418 Thu, 30 Jul 2020 02:12:09 GMT
GET /api/v1/farmermarket/super/logs  39.280 Thu, 30 Jul 2020 02:12:09 GMT
GET /api/v1/farmermarket/auth/me  91.476 Thu, 30 Jul 2020 02:13:13 GMT
GET /api/v1/farmermarket/super/users  99.399 Thu, 30 Jul 2020 02:13:13 GMT
GET /api/v1/farmermarket/super/logs  42.392 Thu, 30 Jul 2020 02:13:13 GMT
GET /api/v1/farmermarket/auth/me  97.891 Thu, 30 Jul 2020 02:13:18 GMT
GET /api/v1/farmermarket/super/users  94.190 Thu, 30 Jul 2020 02:13:18 GMT
GET /api/v1/farmermarket/super/logs  44.055 Thu, 30 Jul 2020 02:13:18 GMT
GET /api/v1/farmermarket/auth/me  81.869 Thu, 30 Jul 2020 02:16:01 GMT
GET /api/v1/farmermarket/super/users  87.049 Thu, 30 Jul 2020 02:16:01 GMT
GET /api/v1/farmermarket/super/users  83.525 Thu, 30 Jul 2020 02:16:01 GMT
GET /api/v1/farmermarket/auth/me  93.811 Thu, 30 Jul 2020 02:16:35 GMT
GET /api/v1/farmermarket/super/users  87.346 Thu, 30 Jul 2020 02:16:35 GMT
GET /api/v1/farmermarket/super/users  85.794 Thu, 30 Jul 2020 02:16:35 GMT
GET /api/v1/farmermarket/auth/me  123.403 Thu, 30 Jul 2020 02:16:54 GMT
GET /api/v1/farmermarket/super/users  107.504 Thu, 30 Jul 2020 02:16:54 GMT
GET /api/v1/farmermarket/super/users  120.192 Thu, 30 Jul 2020 02:16:55 GMT
GET /api/v1/farmermarket/auth/me  83.641 Thu, 30 Jul 2020 02:17:06 GMT
GET /api/v1/farmermarket/super/users  93.862 Thu, 30 Jul 2020 02:17:06 GMT
GET /api/v1/farmermarket/super/users  83.437 Thu, 30 Jul 2020 02:17:06 GMT
GET /api/v1/farmermarket/super/logs  41.728 Thu, 30 Jul 2020 02:17:06 GMT
GET /api/v1/farmermarket/auth/me  78.114 Thu, 30 Jul 2020 02:19:26 GMT
GET /api/v1/farmermarket/super/users  92.039 Thu, 30 Jul 2020 02:19:26 GMT
GET /api/v1/farmermarket/super/users  84.024 Thu, 30 Jul 2020 02:19:26 GMT
GET /api/v1/farmermarket/super/logs  39.374 Thu, 30 Jul 2020 02:19:26 GMT
GET /api/v1/farmermarket/super/users  89.212 Thu, 30 Jul 2020 02:19:40 GMT
GET /api/v1/farmermarket/super/logs  46.890 Thu, 30 Jul 2020 02:19:41 GMT
GET /api/v1/farmermarket/super/users  82.760 Thu, 30 Jul 2020 02:19:41 GMT
GET /api/v1/farmermarket/super/users  101.604 Thu, 30 Jul 2020 02:19:41 GMT
GET /api/v1/farmermarket/super/logs  48.070 Thu, 30 Jul 2020 02:19:41 GMT
GET /api/v1/farmermarket/super/users  90.449 Thu, 30 Jul 2020 02:19:41 GMT
GET /api/v1/farmermarket/super/users  79.154 Thu, 30 Jul 2020 02:19:42 GMT
GET /api/v1/farmermarket/super/logs  63.737 Thu, 30 Jul 2020 02:19:42 GMT
GET /api/v1/farmermarket/super/users  89.335 Thu, 30 Jul 2020 02:19:42 GMT
GET /api/v1/farmermarket/super/users  88.106 Thu, 30 Jul 2020 02:19:43 GMT
GET /api/v1/farmermarket/super/logs  42.316 Thu, 30 Jul 2020 02:19:43 GMT
GET /api/v1/farmermarket/super/users  90.031 Thu, 30 Jul 2020 02:19:43 GMT
GET /api/v1/farmermarket/auth/me  76.568 Thu, 30 Jul 2020 02:20:23 GMT
GET /api/v1/farmermarket/super/users  85.200 Thu, 30 Jul 2020 02:20:23 GMT
GET /api/v1/farmermarket/super/users  85.509 Thu, 30 Jul 2020 02:20:24 GMT
GET /api/v1/farmermarket/super/logs  41.343 Thu, 30 Jul 2020 02:20:24 GMT
GET /api/v1/farmermarket/super/users  84.368 Thu, 30 Jul 2020 02:20:29 GMT
GET /api/v1/farmermarket/super/logs  40.612 Thu, 30 Jul 2020 02:20:29 GMT
GET /api/v1/farmermarket/super/users  93.429 Thu, 30 Jul 2020 02:20:30 GMT
GET /api/v1/farmermarket/super/users  92.582 Thu, 30 Jul 2020 02:20:36 GMT
GET /api/v1/farmermarket/super/logs  41.845 Thu, 30 Jul 2020 02:20:36 GMT
GET /api/v1/farmermarket/super/users  83.125 Thu, 30 Jul 2020 02:20:37 GMT
GET /api/v1/farmermarket/super/users  89.395 Thu, 30 Jul 2020 02:20:37 GMT
GET /api/v1/farmermarket/super/logs  39.148 Thu, 30 Jul 2020 02:20:37 GMT
GET /api/v1/farmermarket/super/users  78.450 Thu, 30 Jul 2020 02:20:37 GMT
GET /api/v1/farmermarket/super/users  83.535 Thu, 30 Jul 2020 02:20:57 GMT
GET /api/v1/farmermarket/super/logs  39.985 Thu, 30 Jul 2020 02:20:57 GMT
GET /api/v1/farmermarket/super/users  85.979 Thu, 30 Jul 2020 02:20:57 GMT
GET /api/v1/farmermarket/super/logs  238.156 Thu, 30 Jul 2020 02:58:37 GMT
GET /api/v1/farmermarket/auth/me  437.601 Thu, 30 Jul 2020 02:58:37 GMT
GET /api/v1/farmermarket/super/users  450.569 Thu, 30 Jul 2020 02:58:37 GMT
GET /api/v1/farmermarket/super/users  88.896 Thu, 30 Jul 2020 02:58:37 GMT
GET /api/v1/farmermarket/auth/me  89.796 Thu, 30 Jul 2020 02:58:52 GMT
GET /api/v1/farmermarket/super/users  95.222 Thu, 30 Jul 2020 02:58:52 GMT
GET /api/v1/farmermarket/super/users  88.000 Thu, 30 Jul 2020 02:58:52 GMT
GET /api/v1/farmermarket/super/transactions  89.664 Thu, 30 Jul 2020 02:58:52 GMT
GET /api/v1/farmermarket/super/logs  46.693 Thu, 30 Jul 2020 02:58:52 GMT
GET /api/v1/farmermarket/auth/me  83.994 Thu, 30 Jul 2020 03:01:07 GMT
GET /api/v1/farmermarket/super/users  122.787 Thu, 30 Jul 2020 03:01:07 GMT
GET /api/v1/farmermarket/super/users  95.709 Thu, 30 Jul 2020 03:01:07 GMT
GET /api/v1/farmermarket/super/transactions  97.007 Thu, 30 Jul 2020 03:01:07 GMT
GET /api/v1/farmermarket/super/logs  42.590 Thu, 30 Jul 2020 03:01:07 GMT
GET /api/v1/farmermarket/auth/me  82.701 Thu, 30 Jul 2020 03:06:48 GMT
GET /api/v1/farmermarket/super/users  89.477 Thu, 30 Jul 2020 03:06:48 GMT
GET /api/v1/farmermarket/super/transactions  86.135 Thu, 30 Jul 2020 03:06:49 GMT
GET /api/v1/farmermarket/super/logs  43.406 Thu, 30 Jul 2020 03:06:49 GMT
GET /api/v1/farmermarket/auth/me  80.485 Thu, 30 Jul 2020 03:08:24 GMT
GET /api/v1/farmermarket/super/users  90.402 Thu, 30 Jul 2020 03:08:24 GMT
GET /api/v1/farmermarket/super/transactions  85.904 Thu, 30 Jul 2020 03:08:24 GMT
GET /api/v1/farmermarket/super/logs  40.448 Thu, 30 Jul 2020 03:08:24 GMT
GET /api/v1/farmermarket/auth/me  79.249 Thu, 30 Jul 2020 03:08:52 GMT
GET /api/v1/farmermarket/super/users  115.568 Thu, 30 Jul 2020 03:08:52 GMT
GET /api/v1/farmermarket/super/transactions  94.928 Thu, 30 Jul 2020 03:08:52 GMT
GET /api/v1/farmermarket/super/logs  53.130 Thu, 30 Jul 2020 03:08:52 GMT
GET /api/v1/farmermarket/auth/me  81.106 Thu, 30 Jul 2020 03:09:31 GMT
GET /api/v1/farmermarket/super/users  106.444 Thu, 30 Jul 2020 03:09:31 GMT
GET /api/v1/farmermarket/super/transactions  91.675 Thu, 30 Jul 2020 03:09:31 GMT
GET /api/v1/farmermarket/super/logs  47.848 Thu, 30 Jul 2020 03:09:31 GMT
GET /api/v1/farmermarket/auth/me  82.453 Thu, 30 Jul 2020 03:11:15 GMT
GET /api/v1/farmermarket/super/users  83.171 Thu, 30 Jul 2020 03:11:15 GMT
GET /api/v1/farmermarket/super/transactions  79.700 Thu, 30 Jul 2020 03:11:15 GMT
GET /api/v1/farmermarket/super/logs  48.666 Thu, 30 Jul 2020 03:11:15 GMT
GET /api/v1/farmermarket/super/logs  1150.500 Thu, 30 Jul 2020 03:34:44 GMT
GET /api/v1/farmermarket/super/users  1342.550 Thu, 30 Jul 2020 03:34:44 GMT
GET /api/v1/farmermarket/auth/me  1405.303 Thu, 30 Jul 2020 03:34:44 GMT
GET /api/v1/farmermarket/super/transactions  1244.838 Thu, 30 Jul 2020 03:34:44 GMT
GET /api/v1/farmermarket/auth/me  78.189 Thu, 30 Jul 2020 03:35:13 GMT
GET /api/v1/farmermarket/super/users  93.477 Thu, 30 Jul 2020 03:35:13 GMT
GET /api/v1/farmermarket/super/transactions  82.982 Thu, 30 Jul 2020 03:35:13 GMT
GET /api/v1/farmermarket/super/logs  45.286 Thu, 30 Jul 2020 03:35:13 GMT
GET /api/v1/farmermarket/auth/me  80.336 Thu, 30 Jul 2020 03:35:55 GMT
GET /api/v1/farmermarket/super/users  116.662 Thu, 30 Jul 2020 03:35:55 GMT
GET /api/v1/farmermarket/super/transactions  105.031 Thu, 30 Jul 2020 03:35:55 GMT
GET /api/v1/farmermarket/super/logs  48.631 Thu, 30 Jul 2020 03:35:55 GMT
PATCH /api/v1/farmermarket/auth/forgotpassword  3.039 Thu, 30 Jul 2020 04:16:54 GMT
PATCH /api/v1/farmermarket/auth/forgotpassword  413.295 Thu, 30 Jul 2020 04:17:36 GMT
PATCH /api/v1/farmermarket/auth/forgotpassword  313.434 Thu, 30 Jul 2020 04:19:07 GMT
PATCH /api/v1/farmermarket/auth/forgotpassword  391.782 Thu, 30 Jul 2020 04:28:44 GMT
PATCH /api/v1/farmermarket/auth/forgotpassword  317.883 Thu, 30 Jul 2020 04:29:21 GMT
PATCH /api/v1/farmermarket/auth/forgotpassword  43.910 Thu, 30 Jul 2020 04:34:50 GMT
PATCH /api/v1/farmermarket/auth/forgotpassword  170.728 Thu, 30 Jul 2020 04:35:01 GMT
PATCH /api/v1/farmermarket/auth/forgotpassword  418.056 Thu, 30 Jul 2020 04:48:41 GMT
GET /resetpassword/21447d6b636238edf6a575f96ecb4a2914bffcc2  13.479 Thu, 30 Jul 2020 06:23:02 GMT
GET /favicon.ico  0.318 Thu, 30 Jul 2020 06:23:03 GMT
PATCH /api/v1/farmermarket/auth/resetpassword/21447d6b636238edf6a575f96ecb4a2914bffcc2  403.856 Thu, 30 Jul 2020 06:23:54 GMT
POST /api/v1/farmermarket/auth/login  355.850 Thu, 30 Jul 2020 06:30:06 GMT
PATCH /api/v1/farmermarket/auth/forgotpassword  494.039 Thu, 30 Jul 2020 06:31:54 GMT
GET /resetpassword/0e25169ea36204df9fadc4a123c51b31ee6051b7  0.652 Thu, 30 Jul 2020 06:32:24 GMT
PATCH /api/v1/farmermarket/auth/resetpassword/0e25169ea36204df9fadc4a123c51b31ee6051b7  270.522 Thu, 30 Jul 2020 06:32:51 GMT
GET /api/v1/farmermarket/auth/me  84.707 Thu, 30 Jul 2020 06:32:52 GMT
GET /api/v1/farmermarket/farmers/orders  133.106 Thu, 30 Jul 2020 06:32:52 GMT
GET /api/v1/farmermarket/farmers/products  128.129 Thu, 30 Jul 2020 06:32:52 GMT
GET /api/v1/farmermarket/auth/me  79.248 Thu, 30 Jul 2020 06:35:57 GMT
GET /api/v1/farmermarket/farmers/orders  79.463 Thu, 30 Jul 2020 06:35:57 GMT
GET /api/v1/farmermarket/farmers/products  84.913 Thu, 30 Jul 2020 06:35:57 GMT
GET /api/v1/farmermarket/auth/me  80.295 Thu, 30 Jul 2020 06:36:05 GMT
GET /api/v1/farmermarket/farmers/orders  79.343 Thu, 30 Jul 2020 06:36:05 GMT
GET /api/v1/farmermarket/farmers/products  84.837 Thu, 30 Jul 2020 06:36:06 GMT
GET /api/v1/farmermarket/auth/me  77.373 Thu, 30 Jul 2020 06:36:21 GMT
GET /api/v1/farmermarket/farmers/orders  77.768 Thu, 30 Jul 2020 06:36:21 GMT
GET /api/v1/farmermarket/farmers/products  82.575 Thu, 30 Jul 2020 06:36:21 GMT
GET /api/v1/farmermarket/auth/me  94.876 Thu, 30 Jul 2020 06:36:55 GMT
GET /api/v1/farmermarket/farmers/orders  86.358 Thu, 30 Jul 2020 06:36:55 GMT
GET /api/v1/farmermarket/farmers/products  79.500 Thu, 30 Jul 2020 06:36:55 GMT
PATCH /api/v1/farmermarket/auth/forgotpassword  565.565 Thu, 30 Jul 2020 06:43:00 GMT
PATCH /api/v1/farmermarket/auth/resetpassword/c56018ebcf07c31db715dd090fe0c0a9bdf69fff  299.121 Thu, 30 Jul 2020 06:43:53 GMT
GET /api/v1/farmermarket/auth/me  97.986 Thu, 30 Jul 2020 06:43:53 GMT
GET /api/v1/farmermarket/farmers/orders  116.219 Thu, 30 Jul 2020 06:43:53 GMT
GET /api/v1/farmermarket/farmers/products  122.164 Thu, 30 Jul 2020 06:43:53 GMT
POST /api/v1/farmermarket/auth/login  215.365 Thu, 30 Jul 2020 06:44:44 GMT
GET /api/v1/farmermarket/auth/me  80.412 Thu, 30 Jul 2020 06:44:44 GMT
GET /api/v1/farmermarket/farmers/orders  86.291 Thu, 30 Jul 2020 06:44:44 GMT
GET /api/v1/farmermarket/farmers/products  83.258 Thu, 30 Jul 2020 06:44:45 GMT
GET /api/v1/farmermarket/auth/me  83.387 Thu, 30 Jul 2020 06:46:03 GMT
GET /api/v1/farmermarket/farmers/orders  77.558 Thu, 30 Jul 2020 06:46:03 GMT
GET /api/v1/farmermarket/farmers/products  81.225 Thu, 30 Jul 2020 06:46:03 GMT
GET /  9.910 Thu, 30 Jul 2020 18:45:47 GMT
GET /modules-farmer-module-farmerdashboard-module-es2015.js  3.620 Thu, 30 Jul 2020 18:45:48 GMT
GET /favicon.ico  0.252 Thu, 30 Jul 2020 18:45:48 GMT
GET /public/bootstrap.min.js.map  0.355 Thu, 30 Jul 2020 18:45:53 GMT
GET /  1.886 Thu, 30 Jul 2020 18:46:53 GMT
GET /public/bootstrap.min.js.map  0.287 Thu, 30 Jul 2020 18:46:54 GMT
GET /modules-farmer-module-farmerdashboard-module-es2015.js  0.302 Thu, 30 Jul 2020 18:46:54 GMT
GET /login  0.387 Thu, 30 Jul 2020 18:49:32 GMT
GET /  1.144 Thu, 30 Jul 2020 18:49:43 GMT
GET /public/bootstrap.min.js.map  0.276 Thu, 30 Jul 2020 18:49:43 GMT
GET /modules-farmer-module-farmerdashboard-module-es2015.js  0.358 Thu, 30 Jul 2020 18:49:44 GMT
GET /  9.533 Thu, 30 Jul 2020 18:52:13 GMT
GET /  4.880 Thu, 30 Jul 2020 18:52:40 GMT
GET /modules-farmer-module-farmerdashboard-module-es2015.js  2.146 Thu, 30 Jul 2020 18:52:41 GMT
GET /public/bootstrap.min.js.map  0.220 Thu, 30 Jul 2020 18:52:45 GMT
GET /  1.470 Thu, 30 Jul 2020 18:52:55 GMT
GET /public/bootstrap.min.js.map  0.341 Thu, 30 Jul 2020 18:52:56 GMT
GET /modules-farmer-module-farmerdashboard-module-es2015.js  0.238 Thu, 30 Jul 2020 18:52:56 GMT
GET /  0.990 Thu, 30 Jul 2020 18:53:00 GMT
GET /public/bootstrap.min.js.map  0.358 Thu, 30 Jul 2020 18:53:01 GMT
GET /modules-farmer-module-farmerdashboard-module-es2015.js  0.471 Thu, 30 Jul 2020 18:53:01 GMT
GET /favicon.ico  0.319 Thu, 30 Jul 2020 18:53:02 GMT
GET /modules-farmer-module-farmerdashboard-module-es2015.js  0.390 Thu, 30 Jul 2020 18:55:25 GMT
GET /  0.502 Thu, 30 Jul 2020 18:57:13 GMT
GET /public/bootstrap.min.js.map  0.206 Thu, 30 Jul 2020 18:57:13 GMT
GET /modules-farmer-module-farmerdashboard-module-es2015.js  0.211 Thu, 30 Jul 2020 18:57:14 GMT
GET /  0.601 Thu, 30 Jul 2020 18:59:34 GMT
GET /public/bootstrap.min.js.map  0.204 Thu, 30 Jul 2020 18:59:34 GMT
GET /modules-farmer-module-farmerdashboard-module-es2015.js  0.271 Thu, 30 Jul 2020 18:59:35 GMT
GET /  0.846 Thu, 30 Jul 2020 18:59:38 GMT
GET /public/bootstrap.min.js.map  0.322 Thu, 30 Jul 2020 18:59:39 GMT
GET /modules-farmer-module-farmerdashboard-module-es2015.js  0.219 Thu, 30 Jul 2020 18:59:39 GMT
GET /  0.784 Thu, 30 Jul 2020 19:01:18 GMT
GET /public/bootstrap.min.js.map  0.283 Thu, 30 Jul 2020 19:01:18 GMT
GET /modules-farmer-module-farmerdashboard-module-es2015.js  0.178 Thu, 30 Jul 2020 19:01:19 GMT
GET /favicon.ico  0.434 Thu, 30 Jul 2020 19:01:19 GMT
GET /  1.053 Thu, 30 Jul 2020 19:01:21 GMT
GET /public/bootstrap.min.js.map  0.166 Thu, 30 Jul 2020 19:01:22 GMT
GET /modules-farmer-module-farmerdashboard-module-es2015.js  0.245 Thu, 30 Jul 2020 19:01:22 GMT
GET /favicon.ico  0.312 Thu, 30 Jul 2020 19:01:23 GMT
GET /favicon.ico  0.273 Thu, 30 Jul 2020 19:02:11 GMT
GET /  0.473 Thu, 30 Jul 2020 19:02:13 GMT
GET /public/bootstrap.min.js.map  0.236 Thu, 30 Jul 2020 19:02:14 GMT
GET /modules-farmer-module-farmerdashboard-module-es2015.js  0.236 Thu, 30 Jul 2020 19:02:14 GMT
GET /api/v1/farmermarket/customers/farmers  440.341 Thu, 30 Jul 2020 19:12:23 GMT
GET /api/v1/farmermarket/customers/farmers/5f0cef4c7c3af5a1772876aa  135.931 Thu, 30 Jul 2020 19:12:45 GMT
GET /api/v1/farmermarket/customers/farmers/5f0cef4c7c3af5a1772876aa  81.574 Thu, 30 Jul 2020 19:12:54 GMT
GET /api/v1/farmermarket/customers/orders  94.842 Thu, 30 Jul 2020 19:14:15 GMT
GET /api/v1/farmermarket/customers/farmers/5f0cef4c7c3af5a1772876aa  77.575 Thu, 30 Jul 2020 19:14:56 GMT
GET /  4.589 Thu, 30 Jul 2020 19:15:47 GMT
GET /modules-farmer-module-farmerdashboard-module-es2015.js  0.527 Thu, 30 Jul 2020 19:15:48 GMT
GET /favicon.ico  0.495 Thu, 30 Jul 2020 19:15:48 GMT
GET /public/bootstrap.min.js.map  0.288 Thu, 30 Jul 2020 19:15:52 GMT
POST /api/v1/farmermarket/auth/login  178.660 Thu, 30 Jul 2020 19:16:42 GMT
GET /api/v1/farmermarket/customers/farmers  83.534 Thu, 30 Jul 2020 19:16:43 GMT
GET /api/v1/farmermarket/super/logs  261.413 Thu, 30 Jul 2020 20:04:37 GMT
GET /api/v1/farmermarket/super/users  430.365 Thu, 30 Jul 2020 20:04:37 GMT
GET /api/v1/farmermarket/super/transactions  355.558 Thu, 30 Jul 2020 20:04:37 GMT
GET /api/v1/farmermarket/super/users  100.237 Thu, 30 Jul 2020 20:04:41 GMT
GET /api/v1/farmermarket/super/logs  43.401 Thu, 30 Jul 2020 20:04:41 GMT
GET /api/v1/farmermarket/super/transactions  82.136 Thu, 30 Jul 2020 20:04:41 GMT
GET /api/v1/farmermarket/customers/farmers  375.237 Thu, 30 Jul 2020 20:12:23 GMT
GET /api/v1/farmermarket/farmers/orders  114.238 Thu, 30 Jul 2020 20:13:15 GMT
GET /api/v1/farmermarket/farmers/products  125.241 Thu, 30 Jul 2020 20:13:15 GMT
GET /api/v1/farmermarket/super/logs  237.655 Thu, 30 Jul 2020 20:36:18 GMT
GET /api/v1/farmermarket/super/users  443.527 Thu, 30 Jul 2020 20:36:18 GMT
GET /api/v1/farmermarket/super/transactions  345.162 Thu, 30 Jul 2020 20:36:18 GMT
POST /api/v1/farmermarket/auth/login  268.841 Thu, 30 Jul 2020 20:37:27 GMT
GET /api/v1/farmermarket/customers/farmers  83.646 Thu, 30 Jul 2020 20:37:28 GMT
GET /api/v1/farmermarket/customers/farmers/5f0cef4c7c3af5a1772876aa  82.644 Thu, 30 Jul 2020 20:37:48 GMT
POST /api/v1/farmermarket/customers/orders  2260.923 Thu, 30 Jul 2020 20:38:29 GMT
GET /  10.908 Wed, 19 Aug 2020 03:11:15 GMT
GET /modules-farmer-module-farmerdashboard-module-es2015.js  1.478 Wed, 19 Aug 2020 03:11:16 GMT
GET /favicon.ico  0.287 Wed, 19 Aug 2020 03:11:17 GMT
GET /public/bootstrap.min.js.map  0.257 Wed, 19 Aug 2020 03:11:19 GMT
GET /modules-farmer-module-farmerdashboard-module-es2015.js  0.802 Wed, 19 Aug 2020 03:20:00 GMT
GET /api/v1/farmermarket/super/logs  57.443 Wed, 19 Aug 2020 03:23:07 GMT
GET /api/v1/farmermarket/super/users  250.474 Wed, 19 Aug 2020 03:23:07 GMT
GET /api/v1/farmermarket/super/transactions  192.850 Wed, 19 Aug 2020 03:23:07 GMT
PATCH /api/v1/farmermarket/super/users/5f03f8e2c3b2d99ffec3a81c  57.513 Wed, 19 Aug 2020 03:23:38 GMT
GET /api/v1/farmermarket/super/users  46.128 Wed, 19 Aug 2020 03:25:05 GMT
GET /api/v1/farmermarket/super/transactions  27.201 Wed, 19 Aug 2020 03:25:05 GMT
GET /api/v1/farmermarket/super/logs  16.999 Wed, 19 Aug 2020 03:25:05 GMT
GET /  10.808 Wed, 19 Aug 2020 03:31:27 GMT
GET /5-es2015.028041c4cd917c424b37.js  2.526 Wed, 19 Aug 2020 03:31:27 GMT
GET /  6.529 Wed, 19 Aug 2020 03:35:14 GMT
GET /5-es2015.028041c4cd917c424b37.js  3.090 Wed, 19 Aug 2020 03:35:15 GMT
GET /5-es2015.028041c4cd917c424b37.js  0.550 Wed, 19 Aug 2020 03:35:19 GMT
GET /5-es2015.028041c4cd917c424b37.js  0.476 Wed, 19 Aug 2020 03:36:30 GMT
GET /  1.082 Wed, 19 Aug 2020 03:36:33 GMT
GET /5-es2015.028041c4cd917c424b37.js  1.151 Wed, 19 Aug 2020 03:36:34 GMT
GET /5-es2015.028041c4cd917c424b37.js  0.306 Wed, 19 Aug 2020 03:36:58 GMT
GET /  1.087 Wed, 19 Aug 2020 03:37:00 GMT
GET /5-es2015.028041c4cd917c424b37.js  0.364 Wed, 19 Aug 2020 03:37:01 GMT
GET /5-es2015.028041c4cd917c424b37.js  0.378 Wed, 19 Aug 2020 03:37:55 GMT
GET /5-es2015.028041c4cd917c424b37.js  1.173 Wed, 19 Aug 2020 03:44:38 GMT
GET /  2.607 Wed, 19 Aug 2020 03:44:43 GMT
GET /5-es2015.028041c4cd917c424b37.js  0.295 Wed, 19 Aug 2020 03:44:43 GMT
GET /  0.619 Wed, 19 Aug 2020 03:44:45 GMT
GET /5-es2015.028041c4cd917c424b37.js  0.570 Wed, 19 Aug 2020 03:44:45 GMT
GET /  0.589 Wed, 19 Aug 2020 03:44:46 GMT
GET /5-es2015.028041c4cd917c424b37.js  0.227 Wed, 19 Aug 2020 03:44:46 GMT
GET /  1.968 Wed, 19 Aug 2020 03:44:46 GMT
GET /5-es2015.028041c4cd917c424b37.js  0.280 Wed, 19 Aug 2020 03:44:46 GMT
GET /  0.705 Wed, 19 Aug 2020 03:44:47 GMT
GET /5-es2015.028041c4cd917c424b37.js  0.318 Wed, 19 Aug 2020 03:44:47 GMT
GET /api/v1/farmermarket/super/users  226.469 Wed, 19 Aug 2020 03:50:37 GMT
GET /api/v1/farmermarket/super/logs  88.953 Wed, 19 Aug 2020 03:50:37 GMT
GET /api/v1/farmermarket/super/transactions  157.061 Wed, 19 Aug 2020 03:50:37 GMT
GET /  0.942 Wed, 19 Aug 2020 04:05:28 GMT
GET /5-es2015.028041c4cd917c424b37.js  0.254 Wed, 19 Aug 2020 04:05:29 GMT
GET /api/v1/farmermarket/super/users  132.411 Wed, 19 Aug 2020 04:05:36 GMT
GET /api/v1/farmermarket/super/transactions  69.948 Wed, 19 Aug 2020 04:05:36 GMT
GET /api/v1/farmermarket/super/logs  26.739 Wed, 19 Aug 2020 04:05:36 GMT
GET /api/v1/farmermarket/super/users  52.356 Wed, 19 Aug 2020 04:05:40 GMT
GET /api/v1/farmermarket/super/transactions  75.533 Wed, 19 Aug 2020 04:05:40 GMT
GET /api/v1/farmermarket/super/logs  48.232 Wed, 19 Aug 2020 04:05:40 GMT
GET /  6.809 Wed, 19 Aug 2020 04:10:55 GMT
GET /5-es2015.028041c4cd917c424b37.js  2.454 Wed, 19 Aug 2020 04:10:56 GMT
GET /  1.470 Wed, 19 Aug 2020 04:13:38 GMT
GET /5-es2015.028041c4cd917c424b37.js  0.341 Wed, 19 Aug 2020 04:13:38 GMT
GET /public/favicon.ico  0.236 Wed, 19 Aug 2020 04:13:39 GMT
GET /  6.836 Wed, 19 Aug 2020 04:15:03 GMT
GET /5-es2015.028041c4cd917c424b37.js  8.060 Wed, 19 Aug 2020 04:15:04 GMT
GET /  8.061 Wed, 19 Aug 2020 04:15:22 GMT
GET /5-es2015.028041c4cd917c424b37.js  4.138 Wed, 19 Aug 2020 04:15:23 GMT
GET /  0.856 Wed, 19 Aug 2020 04:15:23 GMT
GET /  7.011 Wed, 19 Aug 2020 04:15:32 GMT
GET /5-es2015.028041c4cd917c424b37.js  0.576 Wed, 19 Aug 2020 04:15:33 GMT
GET /  0.463 Wed, 19 Aug 2020 04:15:33 GMT
GET /  0.685 Wed, 19 Aug 2020 04:15:37 GMT
GET /5-es2015.028041c4cd917c424b37.js  0.397 Wed, 19 Aug 2020 04:15:38 GMT
GET /  1.517 Wed, 19 Aug 2020 04:15:38 GMT
GET /public/favicon.ico  0.615 Wed, 19 Aug 2020 04:15:38 GMT
GET /  1.062 Wed, 19 Aug 2020 04:15:38 GMT
GET /  7.681 Wed, 19 Aug 2020 04:16:38 GMT
GET /5-es2015.028041c4cd917c424b37.js  5.903 Wed, 19 Aug 2020 04:16:38 GMT
GET /  0.814 Wed, 19 Aug 2020 04:16:38 GMT
GET /public/favicon.ico  0.658 Wed, 19 Aug 2020 04:16:39 GMT
GET /  1.387 Wed, 19 Aug 2020 04:16:39 GMT
GET /public/favicon.ico  15.798 Wed, 19 Aug 2020 04:17:43 GMT
GET /public/favicon.ico  1.140 Wed, 19 Aug 2020 04:19:40 GMT
GET /api/v1/farmermarket/super/logs  52.928 Wed, 19 Aug 2020 04:25:52 GMT
GET /api/v1/farmermarket/super/users  151.064 Wed, 19 Aug 2020 04:25:52 GMT
GET /api/v1/farmermarket/super/transactions  107.321 Wed, 19 Aug 2020 04:25:52 GMT
GET /public/favicon.ico  0.268 Wed, 19 Aug 2020 04:25:52 GMT
GET /api/v1/farmermarket/super/users  36.173 Wed, 19 Aug 2020 04:26:04 GMT
GET /api/v1/farmermarket/super/transactions  52.593 Wed, 19 Aug 2020 04:26:04 GMT
GET /api/v1/farmermarket/super/logs  23.762 Wed, 19 Aug 2020 04:26:04 GMT
GET /api/v1/farmermarket/super/users  96.301 Wed, 19 Aug 2020 04:26:10 GMT
GET /api/v1/farmermarket/super/transactions  33.738 Wed, 19 Aug 2020 04:26:10 GMT
GET /api/v1/farmermarket/super/logs  16.394 Wed, 19 Aug 2020 04:26:10 GMT
GET /api/v1/farmermarket/super/users  32.634 Wed, 19 Aug 2020 04:26:11 GMT
GET /api/v1/farmermarket/super/transactions  26.816 Wed, 19 Aug 2020 04:26:11 GMT
GET /api/v1/farmermarket/super/logs  74.948 Wed, 19 Aug 2020 04:26:11 GMT
GET /api/v1/farmermarket/super/users  74.455 Wed, 19 Aug 2020 04:26:33 GMT
GET /api/v1/farmermarket/super/transactions  46.951 Wed, 19 Aug 2020 04:26:33 GMT
GET /api/v1/farmermarket/super/logs  23.294 Wed, 19 Aug 2020 04:26:33 GMT
